# JRE version: OpenJDK Runtime Environment Temurin-17.0.7+7 (17.0.7+7) (build 17.0.7+7)
# Java VM: OpenJDK 64-Bit Server VM Temurin-17.0.7+7 (17.0.7+7, mixed mode, tiered, compressed oops, compressed class ptrs, g1 gc, windows-amd64)
GC Precious Log:
 CPUs: 4 total, 4 available
 Memory: 8129M
 Large Page Support: Disabled
 NUMA Support: Disabled
 Compressed Oops: Enabled (32-bit)
 Heap Region Size: 1M
 Heap Min Capacity: 8M
 Heap Initial Capacity: 128M
 Heap Max Capacity: 2034M
 Pre-touch: Disabled
 Parallel Workers: 4
 Concurrent Workers: 1
 Concurrent Refinement Workers: 4
 Periodic GC: Disabled
Heap:
 garbage-first heap   total 131072K, used 1435K [0x0000000080e00000, 0x0000000100000000)
  region size 1024K, 1 young (1024K), 1 survivors (1024K)
 Metaspace       used 10392K, committed 10496K, reserved 1114112K
  class space    used 911K, committed 960K, reserved 1048576K
GC Heap History (20 events):
Event: 4745.323 GC heap after
{Heap after GC invocations=12214 (full 0):
 garbage-first heap   total 131072K, used 1435K [0x0000000080e00000, 0x0000000100000000)
  region size 1024K, 1 young (1024K), 1 survivors (1024K)
 Metaspace       used 10392K, committed 10496K, reserved 1114112K
  class space    used 911K, committed 960K, reserved 1048576K
}
Event: 4745.448 GC heap before
{Heap before GC invocations=12214 (full 0):
 garbage-first heap   total 131072K, used 78235K [0x0000000080e00000, 0x0000000100000000)
  region size 1024K, 76 young (77824K), 1 survivors (1024K)
 Metaspace       used 10392K, committed 10496K, reserved 1114112K
  class space    used 911K, committed 960K, reserved 1048576K
}
Event: 4745.448 GC heap after
{Heap after GC invocations=12215 (full 0):
 garbage-first heap   total 131072K, used 1437K [0x0000000080e00000, 0x0000000100000000)
  region size 1024K, 1 young (1024K), 1 survivors (1024K)
 Metaspace       used 10392K, committed 10496K, reserved 1114112K
  class space    used 911K, committed 960K, reserved 1048576K
}
Event: 4745.760 GC heap before
{Heap before GC invocations=12215 (full 0):
 garbage-first heap   total 131072K, used 78237K [0x0000000080e00000, 0x0000000100000000)
  region size 1024K, 76 young (77824K), 1 survivors (1024K)
 Metaspace       used 10392K, committed 10496K, reserved 1114112K
  class space    used 911K, committed 960K, reserved 1048576K
}
Event: 4745.760 GC heap after
{Heap after GC invocations=12216 (full 0):
 garbage-first heap   total 131072K, used 1435K [0x0000000080e00000, 0x0000000100000000)
  region size 1024K, 1 young (1024K), 1 survivors (1024K)
 Metaspace       used 10392K, committed 10496K, reserved 1114112K
  class space    used 911K, committed 960K, reserved 1048576K
}
Event: 4745.910 GC heap before
{Heap before GC invocations=12216 (full 0):
 garbage-first heap   total 131072K, used 78235K [0x0000000080e00000, 0x0000000100000000)
  region size 1024K, 76 young (77824K), 1 survivors (1024K)
 Metaspace       used 10392K, committed 10496K, reserved 1114112K
  class space    used 911K, committed 960K, reserved 1048576K
}
Event: 4745.911 GC heap after
{Heap after GC invocations=12217 (full 0):
 garbage-first heap   total 131072K, used 1437K [0x0000000080e00000, 0x0000000100000000)
  region size 1024K, 1 young (1024K), 1 survivors (1024K)
 Metaspace       used 10392K, committed 10496K, reserved 1114112K
  class space    used 911K, committed 960K, reserved 1048576K
}
Event: 4745.990 GC heap before
{Heap before GC invocations=12217 (full 0):
 garbage-first heap   total 131072K, used 78237K [0x0000000080e00000, 0x0000000100000000)
  region size 1024K, 76 young (77824K), 1 survivors (1024K)
 Metaspace       used 10392K, committed 10496K, reserved 1114112K
  class space    used 911K, committed 960K, reserved 1048576K
}
Event: 4745.991 GC heap after
{Heap after GC invocations=12218 (full 0):
 garbage-first heap   total 131072K, used 1435K [0x0000000080e00000, 0x0000000100000000)
  region size 1024K, 1 young (1024K), 1 survivors (1024K)
 Metaspace       used 10392K, committed 10496K, reserved 1114112K
  class space    used 911K, committed 960K, reserved 1048576K
}
Event: 4746.157 GC heap before
{Heap before GC invocations=12218 (full 0):
 garbage-first heap   total 131072K, used 78235K [0x0000000080e00000, 0x0000000100000000)
  region size 1024K, 76 young (77824K), 1 survivors (1024K)
 Metaspace       used 10392K, committed 10496K, reserved 1114112K
  class space    used 911K, committed 960K, reserved 1048576K
}
Event: 4746.157 GC heap after
{Heap after GC invocations=12219 (full 0):
 garbage-first heap   total 131072K, used 1437K [0x0000000080e00000, 0x0000000100000000)
  region size 1024K, 1 young (1024K), 1 survivors (1024K)
 Metaspace       used 10392K, committed 10496K, reserved 1114112K
  class space    used 911K, committed 960K, reserved 1048576K
}
Event: 4746.355 GC heap before
{Heap before GC invocations=12219 (full 0):
 garbage-first heap   total 131072K, used 78237K [0x0000000080e00000, 0x0000000100000000)
  region size 1024K, 76 young (77824K), 1 survivors (1024K)
 Metaspace       used 10392K, committed 10496K, reserved 1114112K
  class space    used 911K, committed 960K, reserved 1048576K
}
Event: 4746.357 GC heap after
{Heap after GC invocations=12220 (full 0):
 garbage-first heap   total 131072K, used 1437K [0x0000000080e00000, 0x0000000100000000)
  region size 1024K, 1 young (1024K), 1 survivors (1024K)
 Metaspace       used 10392K, committed 10496K, reserved 1114112K
  class space    used 911K, committed 960K, reserved 1048576K
}
Event: 4749.108 GC heap before
{Heap before GC invocations=12220 (full 0):
 garbage-first heap   total 131072K, used 78237K [0x0000000080e00000, 0x0000000100000000)
  region size 1024K, 76 young (77824K), 1 survivors (1024K)
 Metaspace       used 10392K, committed 10496K, reserved 1114112K
  class space    used 911K, committed 960K, reserved 1048576K
}
Event: 4791.359 GC heap after
{Heap after GC invocations=12221 (full 0):
 garbage-first heap   total 131072K, used 1437K [0x0000000080e00000, 0x0000000100000000)
  region size 1024K, 1 young (1024K), 1 survivors (1024K)
 Metaspace       used 10392K, committed 10496K, reserved 1114112K
  class space    used 911K, committed 960K, reserved 1048576K
}
Event: 4822.681 GC heap before
{Heap before GC invocations=12221 (full 0):
 garbage-first heap   total 131072K, used 6557K [0x0000000080e00000, 0x0000000100000000)
  region size 1024K, 6 young (6144K), 1 survivors (1024K)
 Metaspace       used 10392K, committed 10496K, reserved 1114112K
  class space    used 911K, committed 960K, reserved 1048576K
}
Event: 4917.844 GC heap after
{Heap after GC invocations=12222 (full 0):
 garbage-first heap   total 131072K, used 1435K [0x0000000080e00000, 0x0000000100000000)
  region size 1024K, 1 young (1024K), 1 survivors (1024K)
 Metaspace       used 10392K, committed 10496K, reserved 1114112K
  class space    used 911K, committed 960K, reserved 1048576K
}
Event: 4964.925 GC heap before
{Heap before GC invocations=12222 (full 0):
 garbage-first heap   total 131072K, used 6555K [0x0000000080e00000, 0x0000000100000000)
  region size 1024K, 6 young (6144K), 1 survivors (1024K)
 Metaspace       used 10392K, committed 10496K, reserved 1114112K
  class space    used 911K, committed 960K, reserved 1048576K
}
Event: 5262.312 GC heap after
{Heap after GC invocations=12223 (full 0):
 garbage-first heap   total 131072K, used 1435K [0x0000000080e00000, 0x0000000100000000)
  region size 1024K, 1 young (1024K), 1 survivors (1024K)
 Metaspace       used 10392K, committed 10496K, reserved 1114112K
  class space    used 911K, committed 960K, reserved 1048576K
}
Event: 5273.516 GC heap before
{Heap before GC invocations=12223 (full 0):
 garbage-first heap   total 131072K, used 6555K [0x0000000080e00000, 0x0000000100000000)
  region size 1024K, 6 young (6144K), 1 survivors (1024K)
 Metaspace       used 10392K, committed 10496K, reserved 1114112K
  class space    used 911K, committed 960K, reserved 1048576K
}

