# JRE version: OpenJDK Runtime Environment Temurin-17.0.7+7 (17.0.7+7) (build 17.0.7+7)
# Java VM: OpenJDK 64-Bit Server VM Temurin-17.0.7+7 (17.0.7+7, mixed mode, tiered, compressed oops, compressed class ptrs, g1 gc, windows-amd64)
GC Precious Log:
 CPUs: 4 total, 4 available
 Memory: 8129M
 Large Page Support: Disabled
 NUMA Support: Disabled
 Compressed Oops: Enabled (32-bit)
 Heap Region Size: 1M
 Heap Min Capacity: 8M
 Heap Initial Capacity: 128M
 Heap Max Capacity: 2034M
 Pre-touch: Disabled
 Parallel Workers: 4
 Concurrent Workers: 1
 Concurrent Refinement Workers: 4
 Periodic GC: Disabled
Heap:
 garbage-first heap   total 162816K, used 1460K [0x0000000080e00000, 0x0000000100000000)
  region size 1024K, 1 young (1024K), 1 survivors (1024K)
 Metaspace       used 10473K, committed 10560K, reserved 1114112K
  class space    used 915K, committed 960K, reserved 1048576K
GC Heap History (20 events):
Event: 10202.418 GC heap after
{Heap after GC invocations=18552 (full 0):
 garbage-first heap   total 162816K, used 1458K [0x0000000080e00000, 0x0000000100000000)
  region size 1024K, 1 young (1024K), 1 survivors (1024K)
 Metaspace       used 10473K, committed 10560K, reserved 1114112K
  class space    used 915K, committed 960K, reserved 1048576K
}
Event: 10206.885 GC heap before
{Heap before GC invocations=18552 (full 0):
 garbage-first heap   total 162816K, used 97714K [0x0000000080e00000, 0x0000000100000000)
  region size 1024K, 95 young (97280K), 1 survivors (1024K)
 Metaspace       used 10473K, committed 10560K, reserved 1114112K
  class space    used 915K, committed 960K, reserved 1048576K
}
Event: 10206.885 GC heap after
{Heap after GC invocations=18553 (full 0):
 garbage-first heap   total 162816K, used 1458K [0x0000000080e00000, 0x0000000100000000)
  region size 1024K, 1 young (1024K), 1 survivors (1024K)
 Metaspace       used 10473K, committed 10560K, reserved 1114112K
  class space    used 915K, committed 960K, reserved 1048576K
}
Event: 10210.516 GC heap before
{Heap before GC invocations=18553 (full 0):
 garbage-first heap   total 162816K, used 97714K [0x0000000080e00000, 0x0000000100000000)
  region size 1024K, 95 young (97280K), 1 survivors (1024K)
 Metaspace       used 10473K, committed 10560K, reserved 1114112K
  class space    used 915K, committed 960K, reserved 1048576K
}
Event: 10210.516 GC heap after
{Heap after GC invocations=18554 (full 0):
 garbage-first heap   total 162816K, used 1458K [0x0000000080e00000, 0x0000000100000000)
  region size 1024K, 1 young (1024K), 1 survivors (1024K)
 Metaspace       used 10473K, committed 10560K, reserved 1114112K
  class space    used 915K, committed 960K, reserved 1048576K
}
Event: 10214.703 GC heap before
{Heap before GC invocations=18554 (full 0):
 garbage-first heap   total 162816K, used 97714K [0x0000000080e00000, 0x0000000100000000)
  region size 1024K, 95 young (97280K), 1 survivors (1024K)
 Metaspace       used 10473K, committed 10560K, reserved 1114112K
  class space    used 915K, committed 960K, reserved 1048576K
}
Event: 10214.704 GC heap after
{Heap after GC invocations=18555 (full 0):
 garbage-first heap   total 162816K, used 1458K [0x0000000080e00000, 0x0000000100000000)
  region size 1024K, 1 young (1024K), 1 survivors (1024K)
 Metaspace       used 10473K, committed 10560K, reserved 1114112K
  class space    used 915K, committed 960K, reserved 1048576K
}
Event: 10218.627 GC heap before
{Heap before GC invocations=18555 (full 0):
 garbage-first heap   total 162816K, used 97714K [0x0000000080e00000, 0x0000000100000000)
  region size 1024K, 95 young (97280K), 1 survivors (1024K)
 Metaspace       used 10473K, committed 10560K, reserved 1114112K
  class space    used 915K, committed 960K, reserved 1048576K
}
Event: 10218.628 GC heap after
{Heap after GC invocations=18556 (full 0):
 garbage-first heap   total 162816K, used 1458K [0x0000000080e00000, 0x0000000100000000)
  region size 1024K, 1 young (1024K), 1 survivors (1024K)
 Metaspace       used 10473K, committed 10560K, reserved 1114112K
  class space    used 915K, committed 960K, reserved 1048576K
}
Event: 10222.906 GC heap before
{Heap before GC invocations=18556 (full 0):
 garbage-first heap   total 162816K, used 97714K [0x0000000080e00000, 0x0000000100000000)
  region size 1024K, 95 young (97280K), 1 survivors (1024K)
 Metaspace       used 10473K, committed 10560K, reserved 1114112K
  class space    used 915K, committed 960K, reserved 1048576K
}
Event: 10222.907 GC heap after
{Heap after GC invocations=18557 (full 0):
 garbage-first heap   total 162816K, used 1458K [0x0000000080e00000, 0x0000000100000000)
  region size 1024K, 1 young (1024K), 1 survivors (1024K)
 Metaspace       used 10473K, committed 10560K, reserved 1114112K
  class space    used 915K, committed 960K, reserved 1048576K
}
Event: 10229.019 GC heap before
{Heap before GC invocations=18557 (full 0):
 garbage-first heap   total 162816K, used 97714K [0x0000000080e00000, 0x0000000100000000)
  region size 1024K, 95 young (97280K), 1 survivors (1024K)
 Metaspace       used 10473K, committed 10560K, reserved 1114112K
  class space    used 915K, committed 960K, reserved 1048576K
}
Event: 10270.505 GC heap after
{Heap after GC invocations=18558 (full 0):
 garbage-first heap   total 162816K, used 1458K [0x0000000080e00000, 0x0000000100000000)
  region size 1024K, 1 young (1024K), 1 survivors (1024K)
 Metaspace       used 10473K, committed 10560K, reserved 1114112K
  class space    used 915K, committed 960K, reserved 1048576K
}
Event: 10295.722 GC heap before
{Heap before GC invocations=18558 (full 0):
 garbage-first heap   total 162816K, used 7602K [0x0000000080e00000, 0x0000000100000000)
  region size 1024K, 7 young (7168K), 1 survivors (1024K)
 Metaspace       used 10473K, committed 10560K, reserved 1114112K
  class space    used 915K, committed 960K, reserved 1048576K
}
Event: 10395.993 GC heap after
{Heap after GC invocations=18559 (full 0):
 garbage-first heap   total 162816K, used 1456K [0x0000000080e00000, 0x0000000100000000)
  region size 1024K, 0 young (0K), 0 survivors (0K)
 Metaspace       used 10473K, committed 10560K, reserved 1114112K
  class space    used 915K, committed 960K, reserved 1048576K
}
Event: 10444.071 GC heap before
{Heap before GC invocations=18559 (full 0):
 garbage-first heap   total 162816K, used 8624K [0x0000000080e00000, 0x0000000100000000)
  region size 1024K, 7 young (7168K), 0 survivors (0K)
 Metaspace       used 10473K, committed 10560K, reserved 1114112K
  class space    used 915K, committed 960K, reserved 1048576K
}
Event: 10741.476 GC heap after
{Heap after GC invocations=18560 (full 0):
 garbage-first heap   total 162816K, used 1460K [0x0000000080e00000, 0x0000000100000000)
  region size 1024K, 1 young (1024K), 1 survivors (1024K)
 Metaspace       used 10473K, committed 10560K, reserved 1114112K
  class space    used 915K, committed 960K, reserved 1048576K
}
Event: 10751.262 GC heap before
{Heap before GC invocations=18560 (full 0):
 garbage-first heap   total 162816K, used 7604K [0x0000000080e00000, 0x0000000100000000)
  region size 1024K, 7 young (7168K), 1 survivors (1024K)
 Metaspace       used 10473K, committed 10560K, reserved 1114112K
  class space    used 915K, committed 960K, reserved 1048576K
}
Event: 10757.152 GC heap after
{Heap after GC invocations=18561 (full 0):
 garbage-first heap   total 162816K, used 1456K [0x0000000080e00000, 0x0000000100000000)
  region size 1024K, 0 young (0K), 0 survivors (0K)
 Metaspace       used 10473K, committed 10560K, reserved 1114112K
  class space    used 915K, committed 960K, reserved 1048576K
}
Event: 10757.909 GC heap before
{Heap before GC invocations=18561 (full 0):
 garbage-first heap   total 162816K, used 8624K [0x0000000080e00000, 0x0000000100000000)
  region size 1024K, 7 young (7168K), 0 survivors (0K)
 Metaspace       used 10473K, committed 10560K, reserved 1114112K
  class space    used 915K, committed 960K, reserved 1048576K
}

